mode: set
Test/features/transaction/usecase/logic.go:17.88,22.2 1 1
Test/features/transaction/usecase/logic.go:25.85,29.23 3 1
Test/features/transaction/usecase/logic.go:34.2,34.13 1 1
Test/features/transaction/usecase/logic.go:39.2,46.27 6 1
Test/features/transaction/usecase/logic.go:51.2,51.12 1 1
Test/features/transaction/usecase/logic.go:29.23,32.3 2 1
Test/features/transaction/usecase/logic.go:34.13,37.3 2 1
Test/features/transaction/usecase/logic.go:46.27,49.3 2 1
Test/features/transaction/usecase/logic.go:55.79,59.25 3 1
Test/features/transaction/usecase/logic.go:63.2,76.17 13 1
Test/features/transaction/usecase/logic.go:59.25,61.3 1 1
Test/features/brand/usecase/logic.go:16.76,21.2 1 1
Test/features/brand/usecase/logic.go:24.64,28.23 3 1
Test/features/brand/usecase/logic.go:33.2,34.23 2 1
Test/features/brand/usecase/logic.go:39.2,39.12 1 1
Test/features/brand/usecase/logic.go:28.23,31.3 2 1
Test/features/brand/usecase/logic.go:34.23,37.3 2 1
Test/features/voucher/usecase/logic.go:16.80,21.2 1 1
Test/features/voucher/usecase/logic.go:24.72,28.23 3 1
Test/features/voucher/usecase/logic.go:33.2,35.30 2 1
Test/features/voucher/usecase/logic.go:40.2,40.12 1 1
Test/features/voucher/usecase/logic.go:28.23,31.3 2 1
Test/features/voucher/usecase/logic.go:35.30,38.3 2 1
Test/features/voucher/usecase/logic.go:44.86,48.20 3 1
Test/features/voucher/usecase/logic.go:52.2,52.33 1 1
Test/features/voucher/usecase/logic.go:63.2,63.20 1 1
Test/features/voucher/usecase/logic.go:48.20,50.3 1 1
Test/features/voucher/usecase/logic.go:52.33,61.3 7 1
Test/features/voucher/usecase/logic.go:67.80,71.18 3 1
Test/features/voucher/usecase/logic.go:75.2,81.17 6 1
Test/features/voucher/usecase/logic.go:71.18,73.3 1 1
Test/features/user/usecase/logic.go:18.74,23.2 1 1
Test/features/user/usecase/logic.go:26.83,31.16 4 1
Test/features/user/usecase/logic.go:36.2,37.26 2 1
Test/features/user/usecase/logic.go:42.2,44.20 2 1
Test/features/user/usecase/logic.go:48.2,52.20 4 1
Test/features/user/usecase/logic.go:31.16,34.3 2 1
Test/features/user/usecase/logic.go:37.26,40.3 2 1
Test/features/user/usecase/logic.go:44.20,46.3 1 1
Test/features/user/usecase/logic.go:56.72,60.23 3 1
Test/features/user/usecase/logic.go:65.2,66.15 2 1
Test/features/user/usecase/logic.go:71.2,72.20 2 1
Test/features/user/usecase/logic.go:77.2,83.27 6 1
Test/features/user/usecase/logic.go:88.2,88.12 1 1
Test/features/user/usecase/logic.go:60.23,63.3 2 1
Test/features/user/usecase/logic.go:66.15,69.3 2 1
Test/features/user/usecase/logic.go:72.20,75.3 2 1
Test/features/user/usecase/logic.go:83.27,86.3 2 1
